INFO: latexindent.pl version 3.8.2, 2020-06-10, a script to indent .tex files
      latexindent.pl lives here: C:/Environment/MiKTeX/scripts/latexindent/
      Sun Sep 20 10:31:44 2020
      Filename: c:/Users/akhia/Documents/VSCode/Document/DL/contents/__latexindent_temp.tex
INFO: Processing switches:
      -y|--yaml: YAML settings specified via command line
      -c|--cruft: cruft directory
INFO: Directory for backup files and c:/Users/akhia/Documents/VSCode/Document/OOP//indent.log: c:/Users/akhia/Documents/VSCode/Document/OOP/
INFO: Perl modules are being loaded from the following directories:
      C:/Environment/Strawberry/perl/lib/FindBin.pm
      C:/Environment/Strawberry/perl/vendor/lib/YAML/Tiny.pm
      C:/Environment/Strawberry/perl/lib/File/Copy.pm
      C:/Environment/Strawberry/perl/lib/File/Basename.pm
      C:/Environment/Strawberry/perl/lib/Getopt/Long.pm
      C:/Environment/Strawberry/perl/vendor/lib/File/HomeDir.pm
      C:/Environment/Strawberry/perl/vendor/lib/Unicode/GCString.pm
      C:/Environment/Strawberry/perl/site/lib/Log/Log4perl.pm
INFO: Latex Indent perl modules are being loaded from, for example:
      C:/Environment/MiKTeX/scripts/latexindent/LatexIndent/Document.pm
INFO: YAML settings read: defaultSettings.yaml
      Reading defaultSettings.yaml from C:/Environment/MiKTeX/scripts/latexindent/defaultSettings.yaml
INFO: YAML settings read: indentconfig.yaml or .indentconfig.yaml
      Home directory is C:\Users\akhia (didn't find either indentconfig.yaml or .indentconfig.yaml)
      To specify user settings you would put indentconfig.yaml here: C:\Users\akhia/indentconfig.yaml
      Alternatively, you can use the hidden file .indentconfig.yaml as: C:\Users\akhia/.indentconfig.yaml
INFO: YAML settings read: -y switch
      Updating masterSettings with defaultIndent:     
INFO: Phase 1: searching for objects
INFO: Phase 2: finding surrounding indentation
INFO: Phase 3: indenting objects
INFO: Phase 4: final indentation check
INFO: Output routine:
      Not outputting to file; see -w and -o switches for more options.
      --------------
INFO: Please direct all communication/issues to:
      https://github.com/cmhughes/latexindent.pl
