This is pdfTeX, Version 3.14159265-2.6-1.40.21 (MiKTeX 20.7) (preloaded format=pdflatex 2020.9.15)  20 SEP 2020 11:14
entering extended mode
**c:/Users/akhia/Documents/VSCode/Document/DL/DL.tex
(c:/Users/akhia/Documents/VSCode/Document/DL/DL.tex
LaTeX2e <2020-02-02> patch level 5
L3 programming layer <2020-09-03> (C:\Environment\MiKTeX\tex/latex/base\report.cls
Document Class: report 2019/12/20 v1.4l Standard LaTeX document class
(C:\Environment\MiKTeX\tex/latex/base\size12.clo
File: size12.clo 2019/12/20 v1.4l Standard LaTeX file (size option)
)
\c@part=\count168
\c@chapter=\count169
\c@section=\count170
\c@subsection=\count171
\c@subsubsection=\count172
\c@paragraph=\count173
\c@subparagraph=\count174
\c@figure=\count175
\c@table=\count176
\abovecaptionskip=\skip47
\belowcaptionskip=\skip48
\bibindent=\dimen134
) (C:\Environment\MiKTeX\tex/latex/multirow\multirow.sty
Package: multirow 2019/05/31 v2.5 Span multiple rows of a table
\multirow@colwidth=\skip49
\multirow@cntb=\count177
\multirow@dima=\skip50
\bigstrutjot=\dimen135
) (C:\Environment\MiKTeX\tex/latex/threeparttable\threeparttable.sty
Package: threeparttable 2003/06/13  v 3.0
\@tempboxb=\box45
) (C:\Environment\MiKTeX\tex/latex/amsmath\amsmath.sty
Package: amsmath 2020/01/20 v2.17e AMS math features
\@mathmargin=\skip51

For additional information on amsmath, use the `?' option.
(C:\Environment\MiKTeX\tex/latex/amsmath\amstext.sty
Package: amstext 2000/06/29 v2.01 AMS text
 (C:\Environment\MiKTeX\tex/latex/amsmath\amsgen.sty
File: amsgen.sty 1999/11/30 v2.0 generic functions
\@emptytoks=\toks15
\ex@=\dimen136
)) (C:\Environment\MiKTeX\tex/latex/amsmath\amsbsy.sty
Package: amsbsy 1999/11/29 v1.2d Bold Symbols
\pmbraise@=\dimen137
) (C:\Environment\MiKTeX\tex/latex/amsmath\amsopn.sty
Package: amsopn 2016/03/08 v2.02 operator names
)
\inf@bad=\count178
LaTeX Info: Redefining \frac on input line 227.
\uproot@=\count179
\leftroot@=\count180
LaTeX Info: Redefining \overline on input line 389.
\classnum@=\count181
\DOTSCASE@=\count182
LaTeX Info: Redefining \ldots on input line 486.
LaTeX Info: Redefining \dots on input line 489.
LaTeX Info: Redefining \cdots on input line 610.
\Mathstrutbox@=\box46
\strutbox@=\box47
\big@size=\dimen138
LaTeX Font Info:    Redeclaring font encoding OML on input line 733.
LaTeX Font Info:    Redeclaring font encoding OMS on input line 734.
\macc@depth=\count183
\c@MaxMatrixCols=\count184
\dotsspace@=\muskip16
\c@parentequation=\count185
\dspbrk@lvl=\count186
\tag@help=\toks16
\row@=\count187
\column@=\count188
\maxfields@=\count189
\andhelp@=\toks17
\eqnshift@=\dimen139
\alignsep@=\dimen140
\tagshift@=\dimen141
\tagwidth@=\dimen142
\totwidth@=\dimen143
\lineht@=\dimen144
\@envbody=\toks18
\multlinegap=\skip52
\multlinetaggap=\skip53
\mathdisplay@stack=\toks19
LaTeX Info: Redefining \[ on input line 2859.
LaTeX Info: Redefining \] on input line 2860.
) (C:\Environment\MiKTeX\tex/latex/ctex\ctex.sty (C:\Environment\MiKTeX\tex/latex/l3kernel\expl3.sty
Package: expl3 2020-09-03 L3 programming layer (loader) 
 (C:\Environment\MiKTeX\tex/latex/l3backend\l3backend-pdftex.def
File: l3backend-pdftex.def 2020-09-01 L3 backend support: PDF output (pdfTeX)
\l__kernel_color_stack_int=\count190
\l__pdf_internal_box=\box48
))
Package: ctex 2020/08/23 v2.5.4 Chinese adapter in LaTeX (CTEX)
 (C:\Environment\MiKTeX\tex/latex/l3packages/xparse\xparse.sty
Package: xparse 2020-05-15 L3 Experimental document command parser
 (C:\Environment\MiKTeX\tex/latex/l3packages/xparse\xparse-generic.tex
\l__xparse_current_arg_int=\count191
\g__xparse_grabber_int=\count192
\l__xparse_m_args_int=\count193
\l__xparse_v_nesting_int=\count194
)) (C:\Environment\MiKTeX\tex/latex/l3packages/l3keys2e\l3keys2e.sty
Package: l3keys2e 2020-05-15 LaTeX2e option processing using LaTeX3 keys
) (C:\Environment\MiKTeX\tex/latex/ctex\ctexhook.sty
Package: ctexhook 2020/08/23 v2.5.4 Document and package hooks (CTEX)
) (C:\Environment\MiKTeX\tex/latex/ctex\ctexpatch.sty
Package: ctexpatch 2020/08/23 v2.5.4 Patching commands (CTEX)
) (C:\Environment\MiKTeX\tex/latex/base\fix-cm.sty
Package: fix-cm 2015/01/14 v1.1t fixes to LaTeX
 (C:\Environment\MiKTeX\tex/latex/base\ts1enc.def
File: ts1enc.def 2001/06/05 v3.0e (jk/car/fm) Standard LaTeX file
LaTeX Font Info:    Redeclaring font encoding TS1 on input line 47.
)) (C:\Environment\MiKTeX\tex/latex/ms\everysel.sty
Package: everysel 2011/10/28 v1.2 EverySelectfont Package (MS)
)
\l__ctex_tmp_int=\count195
\l__ctex_tmp_box=\box49
\l__ctex_tmp_dim=\dimen145
\g__ctex_section_depth_int=\count196
\g__ctex_font_size_int=\count197
 (C:\Environment\MiKTeX\tex/latex/ctex/config\ctexopts.cfg
File: ctexopts.cfg 2020/08/23 v2.5.4 Option configuration file (CTEX)
) (C:\Environment\MiKTeX\tex/latex/ctex/engine\ctex-engine-pdftex.def
File: ctex-engine-pdftex.def 2020/08/23 v2.5.4 (pdf)LaTeX adapter (CTEX)
 (C:\Environment\MiKTeX\tex/latex/cjk\CJKutf8.sty
Package: CJKutf8 2015/04/18 4.8.4
 (C:\Environment\MiKTeX\tex/generic/iftex\ifpdf.sty
Package: ifpdf 2019/10/25 v3.4 ifpdf legacy package. Use iftex instead.
 (C:\Environment\MiKTeX\tex/generic/iftex\iftex.sty
Package: iftex 2020/03/06 v1.0d TeX engine tests
)) (C:\Environment\MiKTeX\tex/latex/base\inputenc.sty
Package: inputenc 2018/08/11 v1.3c Input encoding file
\inpenc@prehook=\toks20
\inpenc@posthook=\toks21
) (C:\Environment\MiKTeX\tex/latex/cjk\CJK.sty
Package: CJK 2015/04/18 4.8.4
 (C:\Environment\MiKTeX\tex/latex/cjk/mule\MULEenc.sty
Package: MULEenc 2015/04/18 4.8.4
) (C:\Environment\MiKTeX\tex/latex/cjk\CJK.enc
File: CJK.enc 2015/04/18 4.8.4
Now handling font encoding C00 ...
... no UTF-8 mapping file for font encoding C00
Now handling font encoding C05 ...
... no UTF-8 mapping file for font encoding C05
Now handling font encoding C09 ...
... no UTF-8 mapping file for font encoding C09
Now handling font encoding C10 ...
... no UTF-8 mapping file for font encoding C10
Now handling font encoding C20 ...
... no UTF-8 mapping file for font encoding C20
Now handling font encoding C19 ...
... no UTF-8 mapping file for font encoding C19
Now handling font encoding C40 ...
... no UTF-8 mapping file for font encoding C40
Now handling font encoding C42 ...
... no UTF-8 mapping file for font encoding C42
Now handling font encoding C43 ...
... no UTF-8 mapping file for font encoding C43
Now handling font encoding C50 ...
... no UTF-8 mapping file for font encoding C50
Now handling font encoding C52 ...
... no UTF-8 mapping file for font encoding C52
Now handling font encoding C49 ...
... no UTF-8 mapping file for font encoding C49
Now handling font encoding C60 ...
... no UTF-8 mapping file for font encoding C60
Now handling font encoding C61 ...
... no UTF-8 mapping file for font encoding C61
Now handling font encoding C63 ...
... no UTF-8 mapping file for font encoding C63
Now handling font encoding C64 ...
... no UTF-8 mapping file for font encoding C64
Now handling font encoding C65 ...
... no UTF-8 mapping file for font encoding C65
Now handling font encoding C70 ...
... no UTF-8 mapping file for font encoding C70
Now handling font encoding C31 ...
... no UTF-8 mapping file for font encoding C31
Now handling font encoding C32 ...
... no UTF-8 mapping file for font encoding C32
Now handling font encoding C33 ...
... no UTF-8 mapping file for font encoding C33
Now handling font encoding C34 ...
... no UTF-8 mapping file for font encoding C34
Now handling font encoding C35 ...
... no UTF-8 mapping file for font encoding C35
Now handling font encoding C36 ...
... no UTF-8 mapping file for font encoding C36
Now handling font encoding C37 ...
... no UTF-8 mapping file for font encoding C37
Now handling font encoding C80 ...
... no UTF-8 mapping file for font encoding C80
Now handling font encoding C81 ...
... no UTF-8 mapping file for font encoding C81
Now handling font encoding C01 ...
... no UTF-8 mapping file for font encoding C01
Now handling font encoding C11 ...
... no UTF-8 mapping file for font encoding C11
Now handling font encoding C21 ...
... no UTF-8 mapping file for font encoding C21
Now handling font encoding C41 ...
... no UTF-8 mapping file for font encoding C41
Now handling font encoding C62 ...
... no UTF-8 mapping file for font encoding C62
)
LaTeX Info: Redefining \selectfont on input line 755.
\CJK@indent=\box50
) (C:\Environment\MiKTeX\tex/latex/base\fontenc.sty
Package: fontenc 2020/02/11 v2.0o Standard LaTeX package
)) (C:\Environment\MiKTeX\tex/latex/cjkpunct\CJKpunct.sty
Package: CJKpunct 2016/05/14 4.8.4
\CJKpunct@cnta=\count198
\CJKpunct@cntb=\count199
\CJKpunct@cntc=\count266
\CJKpunct@cntd=\count267
\CJKpunct@cnte=\count268
   defining Unicode char U+2018 (decimal 8216)
   defining Unicode char U+2019 (decimal 8217)
   defining Unicode char U+201C (decimal 8220)
   defining Unicode char U+201D (decimal 8221)
   defining Unicode char U+2014 (decimal 8212)
   defining Unicode char U+2026 (decimal 8230)
 (C:\Environment\MiKTeX\tex/latex/cjkpunct\CJKpunct.spa)) (C:\Environment\MiKTeX\tex/latex/cjk\CJKspace.sty
Package: CJKspace 2015/04/18 3.8.0
) (C:\Environment\MiKTeX\tex/latex/ctex\ctexspa.def
File: ctexspa.def 2020/08/23 v2.5.4 Space info for CJKpunct (CTEX)
)
\ccwd=\dimen146
\l__ctex_ccglue_skip=\skip54
)
\l__ctex_ziju_dim=\dimen147
 (C:\Environment\MiKTeX\tex/latex/zhnumber\zhnumber.sty
Package: zhnumber 2020/05/01 v2.8 Typesetting numbers with Chinese glyphs
\l__zhnum_scale_int=\count269
\l__zhnum_byte_min_int=\count270
\l__zhnum_byte_max_int=\count271
 (C:\Environment\MiKTeX\tex/latex/zhnumber\zhnumber-utf8.cfg
File: zhnumber-utf8.cfg 2020/05/01 v2.8 Chinese numerals with UTF8 encoding
)) (C:\Environment\MiKTeX\tex/latex/ctex/scheme\ctex-scheme-chinese.def
File: ctex-scheme-chinese.def 2020/08/23 v2.5.4 Chinese scheme for generic (CTEX)
 (C:\Environment\MiKTeX\tex/latex/ctex/config\ctex-name-utf8.cfg
File: ctex-name-utf8.cfg 2020/08/23 v2.5.4 Caption with encoding UTF-8 (CTEX)
)) (C:\Environment\MiKTeX\tex/latex/tools\indentfirst.sty
Package: indentfirst 1995/11/23 v1.03 Indent first paragraph (DPC)
) (C:\Environment\MiKTeX\tex/latex/ctex/fontset\ctex-fontset-windows.def
File: ctex-fontset-windows.def 2020/08/23 v2.5.4 Windows fonts definition (CTEX)
)) (C:\Environment\MiKTeX\tex/latex/ctex/config\ctex.cfg
File: ctex.cfg 2020/08/23 v2.5.4 Configuration file (CTEX)
) (C:\Environment\MiKTeX\tex/latex/booktabs\booktabs.sty
Package: booktabs 2020/01/12 v1.61803398 Publication quality tables
\heavyrulewidth=\dimen148
\lightrulewidth=\dimen149
\cmidrulewidth=\dimen150
\belowrulesep=\dimen151
\belowbottomsep=\dimen152
\aboverulesep=\dimen153
\abovetopsep=\dimen154
\cmidrulesep=\dimen155
\cmidrulekern=\dimen156
\defaultaddspace=\dimen157
\@cmidla=\count272
\@cmidlb=\count273
\@aboverulesep=\dimen158
\@belowrulesep=\dimen159
\@thisruleclass=\count274
\@lastruleclass=\count275
\@thisrulewidth=\dimen160
) (C:\Environment\MiKTeX\tex/latex/cjk/UTF8\UTF8.bdg
File: UTF8.bdg 2015/04/18 4.8.4
) (C:\Environment\MiKTeX\tex/latex/cjk/UTF8\UTF8.enc
File: UTF8.enc 2015/04/18 4.8.4
) (C:\Environment\MiKTeX\tex/latex/cjk/UTF8\UTF8.chr
File: UTF8.chr 2015/04/18 4.8.4
) (c:/Users\akhia\Documents\VSCode\Document\DL\DL.aux)
\openout1 = `DL.aux'.

LaTeX Font Info:    Checking defaults for OML/cmm/m/it on input line 42.
LaTeX Font Info:    ... okay on input line 42.
LaTeX Font Info:    Checking defaults for OMS/cmsy/m/n on input line 42.
LaTeX Font Info:    ... okay on input line 42.
LaTeX Font Info:    Checking defaults for OT1/cmr/m/n on input line 42.
LaTeX Font Info:    ... okay on input line 42.
LaTeX Font Info:    Checking defaults for T1/cmr/m/n on input line 42.
LaTeX Font Info:    ... okay on input line 42.
LaTeX Font Info:    Checking defaults for TS1/cmr/m/n on input line 42.
LaTeX Font Info:    ... okay on input line 42.
LaTeX Font Info:    Checking defaults for OMX/cmex/m/n on input line 42.
LaTeX Font Info:    ... okay on input line 42.
LaTeX Font Info:    Checking defaults for U/cmr/m/n on input line 42.
LaTeX Font Info:    ... okay on input line 42.
LaTeX Font Info:    Checking defaults for C00/song/m/n on input line 42.
LaTeX Font Info:    ... okay on input line 42.
LaTeX Font Info:    Checking defaults for C05/song/m/n on input line 42.
LaTeX Font Info:    ... okay on input line 42.
LaTeX Font Info:    Checking defaults for C09/song/m/n on input line 42.
LaTeX Font Info:    ... okay on input line 42.
LaTeX Font Info:    Checking defaults for C10/song/m/n on input line 42.
LaTeX Font Info:    ... okay on input line 42.
LaTeX Font Info:    Checking defaults for C20/song/m/n on input line 42.
LaTeX Font Info:    ... okay on input line 42.
LaTeX Font Info:    Checking defaults for C19/song/m/n on input line 42.
LaTeX Font Info:    ... okay on input line 42.
LaTeX Font Info:    Checking defaults for C40/song/m/n on input line 42.
LaTeX Font Info:    ... okay on input line 42.
LaTeX Font Info:    Checking defaults for C42/song/m/n on input line 42.
LaTeX Font Info:    ... okay on input line 42.
LaTeX Font Info:    Checking defaults for C43/song/m/n on input line 42.
LaTeX Font Info:    ... okay on input line 42.
LaTeX Font Info:    Checking defaults for C50/song/m/n on input line 42.
LaTeX Font Info:    ... okay on input line 42.
LaTeX Font Info:    Checking defaults for C52/song/m/n on input line 42.
LaTeX Font Info:    ... okay on input line 42.
LaTeX Font Info:    Checking defaults for C49/song/m/n on input line 42.
LaTeX Font Info:    ... okay on input line 42.
LaTeX Font Info:    Checking defaults for C60/mj/m/n on input line 42.
LaTeX Font Info:    ... okay on input line 42.
LaTeX Font Info:    Checking defaults for C61/mj/m/n on input line 42.
LaTeX Font Info:    ... okay on input line 42.
LaTeX Font Info:    Checking defaults for C63/mj/m/n on input line 42.
LaTeX Font Info:    ... okay on input line 42.
LaTeX Font Info:    Checking defaults for C64/mj/m/n on input line 42.
LaTeX Font Info:    ... okay on input line 42.
LaTeX Font Info:    Checking defaults for C65/mj/m/n on input line 42.
LaTeX Font Info:    ... okay on input line 42.
LaTeX Font Info:    Checking defaults for C70/song/m/n on input line 42.
LaTeX Font Info:    ... okay on input line 42.
LaTeX Font Info:    Checking defaults for C31/song/m/n on input line 42.
LaTeX Font Info:    ... okay on input line 42.
LaTeX Font Info:    Checking defaults for C32/song/m/n on input line 42.
LaTeX Font Info:    ... okay on input line 42.
LaTeX Font Info:    Checking defaults for C33/song/m/n on input line 42.
LaTeX Font Info:    ... okay on input line 42.
LaTeX Font Info:    Checking defaults for C34/song/m/n on input line 42.
LaTeX Font Info:    ... okay on input line 42.
LaTeX Font Info:    Checking defaults for C35/song/m/n on input line 42.
LaTeX Font Info:    ... okay on input line 42.
LaTeX Font Info:    Checking defaults for C36/song/m/n on input line 42.
LaTeX Font Info:    ... okay on input line 42.
LaTeX Font Info:    Checking defaults for C37/song/m/n on input line 42.
LaTeX Font Info:    ... okay on input line 42.
LaTeX Font Info:    Checking defaults for C80/song/m/n on input line 42.
LaTeX Font Info:    ... okay on input line 42.
LaTeX Font Info:    Checking defaults for C81/song/m/n on input line 42.
LaTeX Font Info:    ... okay on input line 42.
LaTeX Font Info:    Checking defaults for C01/song/m/n on input line 42.
LaTeX Font Info:    ... okay on input line 42.
LaTeX Font Info:    Checking defaults for C11/song/m/n on input line 42.
LaTeX Font Info:    ... okay on input line 42.
LaTeX Font Info:    Checking defaults for C21/song/m/n on input line 42.
LaTeX Font Info:    ... okay on input line 42.
LaTeX Font Info:    Checking defaults for C41/song/m/n on input line 42.
LaTeX Font Info:    ... okay on input line 42.
LaTeX Font Info:    Checking defaults for C62/song/m/n on input line 42.
LaTeX Font Info:    ... okay on input line 42.
 ABD: EverySelectfont initializing macros
LaTeX Info: Redefining \selectfont on input line 42.
 (C:\Environment\MiKTeX\tex/generic/ctex/zhmap\ctex-zhmap-windows.tex
File: ctex-zhmap-windows.tex 2020/08/23 v2.5.4 Windows font map loader for pdfTeX and DVIPDFMx (CTEX)
{C:/Users/akhia/AppData/Local/MiKTeX/pdftex/config/pdftex.map}{UGBK.sfd}{Unicode.sfd})
LaTeX Font Info:    Trying to load font information for C70+rm on input line 45.
 (C:\Environment\MiKTeX\tex/latex/ctex/fd\c70rm.fd
File: c70rm.fd 2020/08/23 v2.5.4 Chinese font definition (CTEX)
) [1

] (c:/Users\akhia\Documents\VSCode\Document\DL\DL.toc)
\tf@toc=\write3
\openout3 = `DL.toc'.

 [2

]
\openout2 = `contents/chapter1.aux'.

 (c:/Users\akhia\Documents\VSCode\Document\DL\contents/chapter1.tex
Chapter 1.
[3


]
Package CJKpunct Info: use punctuation spaces for family 'rm' with punctstyle (quanjiao) on input line 10.
 [4] [5] [6] [7] [8])
\openout2 = `contents/chapter2.aux'.

 (c:/Users\akhia\Documents\VSCode\Document\DL\contents/chapter2.tex
Chapter 2.
[9



]
c:/Users\akhia\Documents\VSCode\Document\DL\contents/chapter2.tex:17: Misplaced \noalign.
\midrule ->\noalign 
                    {\ifnum 0=`}\fi \@aboverulesep =\aboverulesep \global \@...
l.17                   \midrule
                               
I expect to see \noalign only after the \cr of
an alignment. Proceed, and I'll ignore this case.

c:/Users\akhia\Documents\VSCode\Document\DL\contents/chapter2.tex:18: Missing } inserted.
<inserted text> 
                }
l.18                   0
                         & 0 & 0 \\
I've inserted something that you may have forgotten.
(See the <inserted text> above.)
With luck, this will get me unwedged. But if you
really didn't forget anything, try typing `2' now; then
my insertion and my current dilemma will both disappear.

c:/Users\akhia\Documents\VSCode\Document\DL\contents/chapter2.tex:18: Missing } inserted.
<inserted text> 
                }
l.18                   0
                         & 0 & 0 \\
I've inserted something that you may have forgotten.
(See the <inserted text> above.)
With luck, this will get me unwedged. But if you
really didn't forget anything, try typing `2' now; then
my insertion and my current dilemma will both disappear.

c:/Users\akhia\Documents\VSCode\Document\DL\contents/chapter2.tex:18: Missing } inserted.
<inserted text> 
                }
l.18                   0
                         & 0 & 0 \\
I've inserted something that you may have forgotten.
(See the <inserted text> above.)
With luck, this will get me unwedged. But if you
really didn't forget anything, try typing `2' now; then
my insertion and my current dilemma will both disappear.

c:/Users\akhia\Documents\VSCode\Document\DL\contents/chapter2.tex:18: Missing \cr inserted.
<inserted text> 
                \cr 
l.18                   0
                         & 0 & 0 \\
I'm guessing that you meant to end an alignment here.

c:/Users\akhia\Documents\VSCode\Document\DL\contents/chapter2.tex:18: Missing { inserted.
<inserted text> 
                {
l.18                   0
                         & 0 & 0 \\
I've put in what seems to be necessary to fix
the current column of the current alignment.
Try to go on, since this might almost work.

c:/Users\akhia\Documents\VSCode\Document\DL\contents/chapter2.tex:18: Undefined control sequence.
\@BTrule ...\doublerulesep \fi \fi \fi \@BTswitch 
                                                  
l.18                   0
                         & 0 & 0 \\
The control sequence at the end of the top line
of your error message was never \def'ed. If you have
misspelled it (e.g., `\hobx'), type `I' and the correct
spelling (e.g., `I\hbox'). Otherwise just continue,
and I'll forget about whatever was undefined.

c:/Users\akhia\Documents\VSCode\Document\DL\contents/chapter2.tex:18: Misplaced alignment tab character &.
l.18                   0 &
                           0 & 0 \\
I can't figure out why you would want to use a tab mark
here. If you just want an ampersand, the remedy is
simple: Just type `I\&' now. But if some right brace
up above has ended a previous alignment prematurely,
you're probably due for more error messages, and you
might try typing `S' now just to see what is salvageable.

c:/Users\akhia\Documents\VSCode\Document\DL\contents/chapter2.tex:18: Misplaced alignment tab character &.
l.18                   0 & 0 &
                               0 \\
I can't figure out why you would want to use a tab mark
here. If you just want an ampersand, the remedy is
simple: Just type `I\&' now. But if some right brace
up above has ended a previous alignment prematurely,
you're probably due for more error messages, and you
might try typing `S' now just to see what is salvageable.

c:/Users\akhia\Documents\VSCode\Document\DL\contents/chapter2.tex:19: Misplaced \cr.
\reserved@c ->\ifnum 0=`{\fi }\cr 
                                  
l.19                   0
                         & 1 & 1 \\
I can't figure out why you would want to use a tab mark
or \cr or \span just now. If something like a right brace
up above has ended a previous alignment prematurely,
you're probably due for more error messages, and you
might try typing `S' now just to see what is salvageable.

c:/Users\akhia\Documents\VSCode\Document\DL\contents/chapter2.tex:19: Misplaced alignment tab character &.
l.19                   0 &
                           1 & 1 \\
I can't figure out why you would want to use a tab mark
here. If you just want an ampersand, the remedy is
simple: Just type `I\&' now. But if some right brace
up above has ended a previous alignment prematurely,
you're probably due for more error messages, and you
might try typing `S' now just to see what is salvageable.

c:/Users\akhia\Documents\VSCode\Document\DL\contents/chapter2.tex:19: Misplaced alignment tab character &.
l.19                   0 & 1 &
                               1 \\
I can't figure out why you would want to use a tab mark
here. If you just want an ampersand, the remedy is
simple: Just type `I\&' now. But if some right brace
up above has ended a previous alignment prematurely,
you're probably due for more error messages, and you
might try typing `S' now just to see what is salvageable.

c:/Users\akhia\Documents\VSCode\Document\DL\contents/chapter2.tex:20: Misplaced \cr.
\reserved@c ->\ifnum 0=`{\fi }\cr 
                                  
l.20                   1
                         & 0 & 1 \\
I can't figure out why you would want to use a tab mark
or \cr or \span just now. If something like a right brace
up above has ended a previous alignment prematurely,
you're probably due for more error messages, and you
might try typing `S' now just to see what is salvageable.

c:/Users\akhia\Documents\VSCode\Document\DL\contents/chapter2.tex:20: Misplaced alignment tab character &.
l.20                   1 &
                           0 & 1 \\
I can't figure out why you would want to use a tab mark
here. If you just want an ampersand, the remedy is
simple: Just type `I\&' now. But if some right brace
up above has ended a previous alignment prematurely,
you're probably due for more error messages, and you
might try typing `S' now just to see what is salvageable.

c:/Users\akhia\Documents\VSCode\Document\DL\contents/chapter2.tex:20: Misplaced alignment tab character &.
l.20                   1 & 0 &
                               1 \\
I can't figure out why you would want to use a tab mark
here. If you just want an ampersand, the remedy is
simple: Just type `I\&' now. But if some right brace
up above has ended a previous alignment prematurely,
you're probably due for more error messages, and you
might try typing `S' now just to see what is salvageable.

c:/Users\akhia\Documents\VSCode\Document\DL\contents/chapter2.tex:21: Misplaced \cr.
\reserved@c ->\ifnum 0=`{\fi }\cr 
                                  
l.21                   1
                         & 1 & 1 \\
I can't figure out why you would want to use a tab mark
or \cr or \span just now. If something like a right brace
up above has ended a previous alignment prematurely,
you're probably due for more error messages, and you
might try typing `S' now just to see what is salvageable.

c:/Users\akhia\Documents\VSCode\Document\DL\contents/chapter2.tex:21: Misplaced alignment tab character &.
l.21                   1 &
                           1 & 1 \\
I can't figure out why you would want to use a tab mark
here. If you just want an ampersand, the remedy is
simple: Just type `I\&' now. But if some right brace
up above has ended a previous alignment prematurely,
you're probably due for more error messages, and you
might try typing `S' now just to see what is salvageabl